<?xml version="1.0" encoding="UTF-8"?>
<testng-results ignored="0" total="3" passed="3" failed="0" skipped="0">
  <reporter-output>
  </reporter-output>
  <suite started-at="2023-12-19T10:34:44 CST" name="LoginSuite" finished-at="2023-12-19T10:34:44 CST" duration-ms="79">
    <groups>
    </groups>
    <test started-at="2023-12-19T10:34:44 CST" name="Test" finished-at="2023-12-19T10:34:44 CST" duration-ms="79">
      <class name="Demo.TestNGdemo3">
        <test-method signature="login()[pri:0, instance:Demo.TestNGdemo3@306e95ec]" started-at="2023-12-19T10:34:44 CST" name="login" finished-at="2023-12-19T10:34:44 CST" duration-ms="2" status="PASS">
          <reporter-output>
          </reporter-output>
        </test-method> <!-- login -->
      </class> <!-- Demo.TestNGdemo3 -->
      <class name="Demo.TestNGdemo2">
        <test-method signature="login()[pri:0, instance:Demo.TestNGdemo2@741a8937]" started-at="2023-12-19T10:34:44 CST" name="login" finished-at="2023-12-19T10:34:44 CST" duration-ms="2" status="PASS">
          <reporter-output>
          </reporter-output>
        </test-method> <!-- login -->
      </class> <!-- Demo.TestNGdemo2 -->
      <class name="Demo.TestNGdemo">
        <test-method signature="login()[pri:0, instance:Demo.TestNGdemo@1a18644]" started-at="2023-12-19T10:34:44 CST" name="login" finished-at="2023-12-19T10:34:44 CST" duration-ms="12" status="PASS">
          <reporter-output>
          </reporter-output>
        </test-method> <!-- login -->
      </class> <!-- Demo.TestNGdemo -->
    </test> <!-- Test -->
  </suite> <!-- LoginSuite -->
</testng-results>
